{"numFailedTestSuites":0,"numFailedTests":0,"numPassedTestSuites":2,"numPassedTests":5,"numPendingTestSuites":0,"numPendingTests":0,"numRuntimeErrorTestSuites":0,"numTodoTests":0,"numTotalTestSuites":2,"numTotalTests":5,"openHandles":[],"snapshot":{"added":0,"didUpdate":false,"failure":false,"filesAdded":0,"filesRemoved":0,"filesRemovedList":[],"filesUnmatched":0,"filesUpdated":0,"matched":4,"total":4,"unchecked":0,"uncheckedKeysByFile":[],"unmatched":0,"updated":0},"startTime":1598975510134,"success":true,"testResults":[{"assertionResults":[{"ancestorTitles":["SpecialButton"],"failureMessages":[],"fullName":"SpecialButton has the special button class","location":null,"status":"passed","title":"has the special button class"}],"endTime":1598975514944,"message":"","name":"/Users/anastasia/Sites/vue-storybook-starter/tests/unit/SpecialButton.spec.js","startTime":1598975512657,"status":"passed","summary":""},{"assertionResults":[{"ancestorTitles":["Storyshots","Welcome"],"failureMessages":[],"fullName":"Storyshots Welcome to Storybook","location":null,"status":"passed","title":"to Storybook"},{"ancestorTitles":["Storyshots","Button"],"failureMessages":[],"fullName":"Storyshots Button Text","location":null,"status":"passed","title":"Text"},{"ancestorTitles":["Storyshots","Button"],"failureMessages":[],"fullName":"Storyshots Button Emoji","location":null,"status":"passed","title":"Emoji"},{"ancestorTitles":["Storyshots","Special Button"],"failureMessages":[],"fullName":"Storyshots Special Button Special","location":null,"status":"passed","title":"Special"}],"endTime":1598975520020,"message":"","name":"/Users/anastasia/Sites/vue-storybook-starter/tests/unit/storybook.spec.js","startTime":1598975512657,"status":"passed","summary":""}],"wasInterrupted":false}